<?xml version="1.0" encoding="UTF-8"?>
<testng-results skipped="0" failed="0" ignored="0" total="1" passed="1">
  <reporter-output>
  </reporter-output>
  <suite name="test.TestMaven" duration-ms="60403" started-at="2017-12-11T09:55:02Z" finished-at="2017-12-11T09:56:03Z">
    <groups>
    </groups>
    <test name="Command line test" duration-ms="60403" started-at="2017-12-11T09:55:02Z" finished-at="2017-12-11T09:56:03Z">
      <class name="test.TestMaven">
        <test-method status="PASS" signature="checkTest()[pri:0, instance:test.TestMaven@883b15]" name="checkTest" duration-ms="51028" started-at="2017-12-11T12:55:02Z" finished-at="2017-12-11T12:55:53Z">
          <reporter-output>
          </reporter-output>
        </test-method> <!-- checkTest -->
        <test-method status="PASS" signature="afterTest()[pri:0, instance:test.TestMaven@883b15]" name="afterTest" is-config="true" duration-ms="9296" started-at="2017-12-11T12:55:53Z" finished-at="2017-12-11T12:56:03Z">
          <reporter-output>
          </reporter-output>
        </test-method> <!-- afterTest -->
      </class> <!-- test.TestMaven -->
    </test> <!-- Command line test -->
  </suite> <!-- test.TestMaven -->
</testng-results>
